0 info it worked if it ends with ok
1 verbose cli [ '/usr/bin/node', '/usr/bin/npm', 'stop' ]
2 info using npm@3.8.9
3 info using node@v6.2.0
4 verbose run-script [ 'prestop', 'stop', 'poststop' ]
5 info lifecycle slack-planning-poker@1.0.0~prestop: slack-planning-poker@1.0.0
6 silly lifecycle slack-planning-poker@1.0.0~prestop: no script for prestop, continuing
7 info lifecycle slack-planning-poker@1.0.0~stop: slack-planning-poker@1.0.0
8 verbose lifecycle slack-planning-poker@1.0.0~stop: unsafe-perm in lifecycle true
9 verbose lifecycle slack-planning-poker@1.0.0~stop: PATH: /usr/lib/node_modules/npm/bin/node-gyp-bin:/localdata/slack-planning-poker/node_modules/.bin:/usr/bin:/usr/lib64/qt-3.3/bin:/usr/local/bin:/usr/bin:/usr/local/sbin:/usr/sbin:/opt/tools/bin:/opt/tools/swtools/ccollab/8.4.8406/ccollab-cmdline:/home/satpal/bin:.:/opt/jdk1.7.0_79/bin:/home/satpal/workspace/apache-maven-3.2.5/bin:/usr/local/heroku/bin:/opt/tools/bin:/opt/tools/swtools/ccollab/8.4.8406/ccollab-cmdline:/home/satpal/bin:.:/opt/jdk1.7.0_79/bin:/home/satpal/workspace/apache-maven-3.2.5/bin:/usr/local/heroku/bin
10 verbose lifecycle slack-planning-poker@1.0.0~stop: CWD: /localdata/slack-planning-poker
11 silly lifecycle slack-planning-poker@1.0.0~stop: Args: [ '-c', './stop.sh' ]
12 info lifecycle slack-planning-poker@1.0.0~stop: Failed to exec stop script
13 verbose stack Error: slack-planning-poker@1.0.0 stop: `./stop.sh`
13 verbose stack spawn ENOENT
13 verbose stack     at ChildProcess.<anonymous> (/usr/lib/node_modules/npm/lib/utils/spawn.js:17:16)
13 verbose stack     at emitTwo (events.js:106:13)
13 verbose stack     at ChildProcess.emit (events.js:191:7)
13 verbose stack     at maybeClose (internal/child_process.js:850:16)
13 verbose stack     at Process.ChildProcess._handle.onexit (internal/child_process.js:215:5)
14 verbose pkgid slack-planning-poker@1.0.0
15 verbose cwd /localdata/slack-planning-poker
16 error Linux 3.10.0-229.14.1.el7.x86_64
17 error argv "/usr/bin/node" "/usr/bin/npm" "stop"
18 error node v6.2.0
19 error npm  v3.8.9
20 error file sh
21 error code ELIFECYCLE
22 error errno ENOENT
23 error syscall spawn
24 error slack-planning-poker@1.0.0 stop: `./stop.sh`
24 error spawn ENOENT
25 error Failed at the slack-planning-poker@1.0.0 stop script './stop.sh'.
25 error Make sure you have the latest version of node.js and npm installed.
25 error If you do, this is most likely a problem with the slack-planning-poker package,
25 error not with npm itself.
25 error Tell the author that this fails on your system:
25 error     ./stop.sh
25 error You can get information on how to open an issue for this project with:
25 error     npm bugs slack-planning-poker
25 error Or if that isn't available, you can get their info via:
25 error     npm owner ls slack-planning-poker
25 error There is likely additional logging output above.
26 verbose exit [ 1, true ]
